mode: atomic
github.com/pauluswi/alpine/pkg/accesslog/middleware.go:14.49,15.40 1 1
github.com/pauluswi/alpine/pkg/accesslog/middleware.go:15.40,34.3 9 1
github.com/pauluswi/alpine/internal/errors/middleware.go:16.49,17.46 1 4
github.com/pauluswi/alpine/internal/errors/middleware.go:17.46,18.16 1 4
github.com/pauluswi/alpine/internal/errors/middleware.go:42.3,42.18 1 4
github.com/pauluswi/alpine/internal/errors/middleware.go:18.16,20.32 2 4
github.com/pauluswi/alpine/internal/errors/middleware.go:29.4,29.18 1 4
github.com/pauluswi/alpine/internal/errors/middleware.go:20.32,22.33 2 1
github.com/pauluswi/alpine/internal/errors/middleware.go:26.5,26.66 1 1
github.com/pauluswi/alpine/internal/errors/middleware.go:22.33,24.6 1 1
github.com/pauluswi/alpine/internal/errors/middleware.go:29.18,31.59 2 3
github.com/pauluswi/alpine/internal/errors/middleware.go:34.5,35.39 2 3
github.com/pauluswi/alpine/internal/errors/middleware.go:38.5,39.14 2 3
github.com/pauluswi/alpine/internal/errors/middleware.go:31.59,33.6 1 2
github.com/pauluswi/alpine/internal/errors/middleware.go:35.39,37.6 1 0
github.com/pauluswi/alpine/internal/errors/middleware.go:47.50,48.20 1 9
github.com/pauluswi/alpine/internal/errors/middleware.go:65.2,65.35 1 4
github.com/pauluswi/alpine/internal/errors/middleware.go:68.2,68.32 1 3
github.com/pauluswi/alpine/internal/errors/middleware.go:49.21,50.29 1 2
github.com/pauluswi/alpine/internal/errors/middleware.go:51.25,52.47 1 1
github.com/pauluswi/alpine/internal/errors/middleware.go:53.25,54.47 1 2
github.com/pauluswi/alpine/internal/errors/middleware.go:55.28,56.23 1 1
github.com/pauluswi/alpine/internal/errors/middleware.go:57.11,61.5 1 1
github.com/pauluswi/alpine/internal/errors/middleware.go:65.35,67.3 1 1
github.com/pauluswi/alpine/internal/errors/response.go:17.39,19.2 1 14
github.com/pauluswi/alpine/internal/errors/response.go:22.41,24.2 1 12
github.com/pauluswi/alpine/internal/errors/response.go:27.52,28.15 1 5
github.com/pauluswi/alpine/internal/errors/response.go:31.2,34.3 1 5
github.com/pauluswi/alpine/internal/errors/response.go:28.15,30.3 1 4
github.com/pauluswi/alpine/internal/errors/response.go:38.41,39.15 1 6
github.com/pauluswi/alpine/internal/errors/response.go:42.2,45.3 1 6
github.com/pauluswi/alpine/internal/errors/response.go:39.15,41.3 1 5
github.com/pauluswi/alpine/internal/errors/response.go:49.45,50.15 1 2
github.com/pauluswi/alpine/internal/errors/response.go:53.2,56.3 1 2
github.com/pauluswi/alpine/internal/errors/response.go:50.15,52.3 1 1
github.com/pauluswi/alpine/internal/errors/response.go:60.42,61.15 1 2
github.com/pauluswi/alpine/internal/errors/response.go:64.2,67.3 1 2
github.com/pauluswi/alpine/internal/errors/response.go:61.15,63.3 1 1
github.com/pauluswi/alpine/internal/errors/response.go:71.43,72.15 1 2
github.com/pauluswi/alpine/internal/errors/response.go:75.2,78.3 1 2
github.com/pauluswi/alpine/internal/errors/response.go:72.15,74.3 1 1
github.com/pauluswi/alpine/internal/errors/response.go:87.57,90.26 3 2
github.com/pauluswi/alpine/internal/errors/response.go:93.2,94.31 2 2
github.com/pauluswi/alpine/internal/errors/response.go:101.2,105.3 1 2
github.com/pauluswi/alpine/internal/errors/response.go:90.26,92.3 1 2
github.com/pauluswi/alpine/internal/errors/response.go:94.31,99.3 1 2
github.com/pauluswi/alpine/pkg/dbcontext/db.go:27.26,29.2 1 3
github.com/pauluswi/alpine/pkg/dbcontext/db.go:32.28,34.2 1 1
github.com/pauluswi/alpine/pkg/dbcontext/db.go:39.53,40.46 1 10
github.com/pauluswi/alpine/pkg/dbcontext/db.go:43.2,43.31 1 2
github.com/pauluswi/alpine/pkg/dbcontext/db.go:40.46,42.3 1 8
github.com/pauluswi/alpine/pkg/dbcontext/db.go:48.91,49.69 1 3
github.com/pauluswi/alpine/pkg/dbcontext/db.go:49.69,51.3 1 3
github.com/pauluswi/alpine/pkg/dbcontext/db.go:56.52,57.40 1 1
github.com/pauluswi/alpine/pkg/dbcontext/db.go:57.40,58.86 1 2
github.com/pauluswi/alpine/pkg/dbcontext/db.go:58.86,62.4 3 2
github.com/pauluswi/alpine/pkg/log/logger.go:45.19,48.2 2 2
github.com/pauluswi/alpine/pkg/log/logger.go:51.39,53.2 1 4
github.com/pauluswi/alpine/pkg/log/logger.go:56.52,59.2 2 1
github.com/pauluswi/alpine/pkg/log/logger.go:68.72,69.16 1 2
github.com/pauluswi/alpine/pkg/log/logger.go:77.2,77.19 1 2
github.com/pauluswi/alpine/pkg/log/logger.go:80.2,80.10 1 1
github.com/pauluswi/alpine/pkg/log/logger.go:69.16,70.53 1 1
github.com/pauluswi/alpine/pkg/log/logger.go:73.3,73.57 1 1
github.com/pauluswi/alpine/pkg/log/logger.go:70.53,72.4 1 1
github.com/pauluswi/alpine/pkg/log/logger.go:73.57,75.4 1 1
github.com/pauluswi/alpine/pkg/log/logger.go:77.19,79.3 1 1
github.com/pauluswi/alpine/pkg/log/logger.go:84.74,86.14 2 3
github.com/pauluswi/alpine/pkg/log/logger.go:89.2,90.43 2 3
github.com/pauluswi/alpine/pkg/log/logger.go:93.2,93.12 1 3
github.com/pauluswi/alpine/pkg/log/logger.go:86.14,88.3 1 1
github.com/pauluswi/alpine/pkg/log/logger.go:90.43,92.3 1 3
github.com/pauluswi/alpine/pkg/log/logger.go:97.49,99.2 1 5
github.com/pauluswi/alpine/pkg/log/logger.go:102.45,104.2 1 5
github.com/pauluswi/alpine/internal/auth/api.go:10.83,12.2 1 1
github.com/pauluswi/alpine/internal/auth/api.go:15.64,16.40 1 1
github.com/pauluswi/alpine/internal/auth/api.go:16.40,22.38 2 3
github.com/pauluswi/alpine/internal/auth/api.go:27.3,28.17 2 2
github.com/pauluswi/alpine/internal/auth/api.go:31.3,33.12 1 1
github.com/pauluswi/alpine/internal/auth/api.go:22.38,25.4 2 1
github.com/pauluswi/alpine/internal/auth/api.go:28.17,30.4 1 1
github.com/pauluswi/alpine/internal/auth/middleware.go:15.54,17.2 1 1
github.com/pauluswi/alpine/internal/auth/middleware.go:20.62,28.2 3 1
github.com/pauluswi/alpine/internal/auth/middleware.go:37.69,39.2 1 3
github.com/pauluswi/alpine/internal/auth/middleware.go:43.48,44.54 1 5
github.com/pauluswi/alpine/internal/auth/middleware.go:47.2,47.12 1 2
github.com/pauluswi/alpine/internal/auth/middleware.go:44.54,46.3 1 3
github.com/pauluswi/alpine/internal/auth/middleware.go:54.48,55.53 1 2
github.com/pauluswi/alpine/internal/auth/middleware.go:58.2,60.12 3 1
github.com/pauluswi/alpine/internal/auth/middleware.go:55.53,57.3 1 1
github.com/pauluswi/alpine/internal/auth/middleware.go:64.35,68.2 3 1
github.com/pauluswi/alpine/internal/auth/service.go:35.84,37.2 1 1
github.com/pauluswi/alpine/internal/auth/service.go:41.88,42.74 1 2
github.com/pauluswi/alpine/internal/auth/service.go:45.2,45.36 1 1
github.com/pauluswi/alpine/internal/auth/service.go:42.74,44.3 1 1
github.com/pauluswi/alpine/internal/auth/service.go:50.88,54.46 2 4
github.com/pauluswi/alpine/internal/auth/service.go:59.2,60.12 2 2
github.com/pauluswi/alpine/internal/auth/service.go:54.46,57.3 2 2
github.com/pauluswi/alpine/internal/auth/service.go:64.65,70.2 1 2
github.com/pauluswi/alpine/cmd/server/main.go:32.13,39.16 4 0
github.com/pauluswi/alpine/cmd/server/main.go:45.2,46.16 2 0
github.com/pauluswi/alpine/cmd/server/main.go:50.2,52.15 3 0
github.com/pauluswi/alpine/cmd/server/main.go:59.2,68.75 5 0
github.com/pauluswi/alpine/cmd/server/main.go:39.16,42.3 2 0
github.com/pauluswi/alpine/cmd/server/main.go:46.16,49.3 2 0
github.com/pauluswi/alpine/cmd/server/main.go:52.15,53.36 1 0
github.com/pauluswi/alpine/cmd/server/main.go:53.36,55.4 1 0
github.com/pauluswi/alpine/cmd/server/main.go:68.75,71.3 2 0
github.com/pauluswi/alpine/cmd/server/main.go:75.89,102.2 8 0
github.com/pauluswi/alpine/cmd/server/main.go:105.53,106.91 1 1
github.com/pauluswi/alpine/cmd/server/main.go:106.91,107.17 1 2
github.com/pauluswi/alpine/cmd/server/main.go:107.17,109.4 1 1
github.com/pauluswi/alpine/cmd/server/main.go:109.9,111.4 1 1
github.com/pauluswi/alpine/cmd/server/main.go:116.51,117.94 1 1
github.com/pauluswi/alpine/cmd/server/main.go:117.94,118.17 1 2
github.com/pauluswi/alpine/cmd/server/main.go:118.17,120.4 1 1
github.com/pauluswi/alpine/cmd/server/main.go:120.9,122.4 1 1
github.com/pauluswi/alpine/internal/pin/crypto.go:15.46,18.16 3 5
github.com/pauluswi/alpine/internal/pin/crypto.go:21.2,21.13 1 5
github.com/pauluswi/alpine/internal/pin/crypto.go:18.16,19.13 1 0
github.com/pauluswi/alpine/internal/pin/crypto.go:27.56,41.2 7 8
github.com/pauluswi/alpine/internal/pin/crypto.go:44.78,47.2 2 3
github.com/pauluswi/alpine/internal/pin/repository.go:31.68,33.2 1 1
github.com/pauluswi/alpine/internal/pin/repository.go:36.85,43.2 3 2
github.com/pauluswi/alpine/internal/pin/repository.go:46.69,57.2 2 1
github.com/pauluswi/alpine/internal/pin/repository.go:60.71,68.2 2 0
github.com/pauluswi/alpine/internal/pin/service.go:32.61,34.2 1 2
github.com/pauluswi/alpine/internal/pin/service.go:45.82,47.16 2 2
github.com/pauluswi/alpine/internal/pin/service.go:50.2,50.17 1 2
github.com/pauluswi/alpine/internal/pin/service.go:47.16,49.3 1 0
github.com/pauluswi/alpine/internal/pin/service.go:54.90,55.15 1 2
github.com/pauluswi/alpine/internal/pin/service.go:61.2,62.16 2 2
github.com/pauluswi/alpine/internal/pin/service.go:67.2,68.16 2 2
github.com/pauluswi/alpine/internal/pin/service.go:74.2,78.12 4 2
github.com/pauluswi/alpine/internal/pin/service.go:81.2,81.18 1 2
github.com/pauluswi/alpine/internal/pin/service.go:55.15,56.17 1 2
github.com/pauluswi/alpine/internal/pin/service.go:56.17,58.4 1 0
github.com/pauluswi/alpine/internal/pin/service.go:62.16,65.3 2 0
github.com/pauluswi/alpine/internal/pin/service.go:68.16,70.3 1 0
github.com/pauluswi/alpine/internal/pin/service.go:78.12,80.3 1 0
github.com/pauluswi/alpine/internal/pin/service.go:85.76,86.15 1 2
github.com/pauluswi/alpine/internal/pin/service.go:92.2,93.16 2 2
github.com/pauluswi/alpine/internal/pin/service.go:100.2,113.16 10 2
github.com/pauluswi/alpine/internal/pin/service.go:118.2,119.16 2 2
github.com/pauluswi/alpine/internal/pin/service.go:124.2,124.12 1 2
github.com/pauluswi/alpine/internal/pin/service.go:86.15,87.17 1 2
github.com/pauluswi/alpine/internal/pin/service.go:87.17,89.4 1 0
github.com/pauluswi/alpine/internal/pin/service.go:93.16,96.3 2 0
github.com/pauluswi/alpine/internal/pin/service.go:113.16,116.3 2 0
github.com/pauluswi/alpine/internal/pin/service.go:119.16,122.3 2 0
github.com/pauluswi/alpine/internal/pin/service.go:128.76,129.15 1 2
github.com/pauluswi/alpine/internal/pin/service.go:135.2,136.16 2 2
github.com/pauluswi/alpine/internal/pin/service.go:141.2,142.16 2 2
github.com/pauluswi/alpine/internal/pin/service.go:147.2,154.16 7 2
github.com/pauluswi/alpine/internal/pin/service.go:159.2,159.12 1 2
github.com/pauluswi/alpine/internal/pin/service.go:129.15,130.17 1 2
github.com/pauluswi/alpine/internal/pin/service.go:130.17,132.4 1 0
github.com/pauluswi/alpine/internal/pin/service.go:136.16,139.3 2 0
github.com/pauluswi/alpine/internal/pin/service.go:142.16,144.3 1 0
github.com/pauluswi/alpine/internal/pin/service.go:154.16,157.3 2 0
github.com/pauluswi/alpine/internal/pin/api.go:13.111,22.2 6 1
github.com/pauluswi/alpine/internal/pin/api.go:29.49,31.16 2 1
github.com/pauluswi/alpine/internal/pin/api.go:35.2,35.21 1 1
github.com/pauluswi/alpine/internal/pin/api.go:31.16,33.3 1 0
github.com/pauluswi/alpine/internal/pin/api.go:38.54,40.39 2 1
github.com/pauluswi/alpine/internal/pin/api.go:45.2,46.16 2 1
github.com/pauluswi/alpine/internal/pin/api.go:50.2,50.48 1 1
github.com/pauluswi/alpine/internal/pin/api.go:40.39,43.3 2 0
github.com/pauluswi/alpine/internal/pin/api.go:46.16,48.3 1 0
github.com/pauluswi/alpine/internal/pin/api.go:53.52,55.39 2 2
github.com/pauluswi/alpine/internal/pin/api.go:60.2,61.16 2 1
github.com/pauluswi/alpine/internal/pin/api.go:65.2,65.51 1 1
github.com/pauluswi/alpine/internal/pin/api.go:55.39,58.3 2 1
github.com/pauluswi/alpine/internal/pin/api.go:61.16,63.3 1 0
github.com/pauluswi/alpine/internal/pin/api.go:68.52,70.39 2 1
github.com/pauluswi/alpine/internal/pin/api.go:74.2,75.16 2 1
github.com/pauluswi/alpine/internal/pin/api.go:79.2,79.46 1 1
github.com/pauluswi/alpine/internal/pin/api.go:70.39,73.3 2 0
github.com/pauluswi/alpine/internal/pin/api.go:75.16,77.3 1 0
github.com/pauluswi/alpine/internal/healthcheck/api.go:6.58,8.2 1 1
github.com/pauluswi/alpine/internal/healthcheck/api.go:11.50,12.40 1 1
github.com/pauluswi/alpine/internal/healthcheck/api.go:12.40,14.3 1 1
github.com/pauluswi/alpine/pkg/pagination/pages.go:36.43,37.18 1 20
github.com/pauluswi/alpine/pkg/pagination/pages.go:40.2,40.27 1 20
github.com/pauluswi/alpine/pkg/pagination/pages.go:43.2,44.16 2 20
github.com/pauluswi/alpine/pkg/pagination/pages.go:50.2,50.14 1 20
github.com/pauluswi/alpine/pkg/pagination/pages.go:54.2,59.3 1 20
github.com/pauluswi/alpine/pkg/pagination/pages.go:37.18,39.3 1 2
github.com/pauluswi/alpine/pkg/pagination/pages.go:40.27,42.3 1 1
github.com/pauluswi/alpine/pkg/pagination/pages.go:44.16,46.23 2 18
github.com/pauluswi/alpine/pkg/pagination/pages.go:46.23,48.4 1 4
github.com/pauluswi/alpine/pkg/pagination/pages.go:50.14,52.3 1 4
github.com/pauluswi/alpine/pkg/pagination/pages.go:64.58,68.2 3 1
github.com/pauluswi/alpine/pkg/pagination/pages.go:71.51,72.17 1 5
github.com/pauluswi/alpine/pkg/pagination/pages.go:75.2,75.52 1 4
github.com/pauluswi/alpine/pkg/pagination/pages.go:78.2,78.21 1 1
github.com/pauluswi/alpine/pkg/pagination/pages.go:72.17,74.3 1 1
github.com/pauluswi/alpine/pkg/pagination/pages.go:75.52,77.3 1 3
github.com/pauluswi/alpine/pkg/pagination/pages.go:82.30,84.2 1 11
github.com/pauluswi/alpine/pkg/pagination/pages.go:87.29,89.2 1 11
github.com/pauluswi/alpine/pkg/pagination/pages.go:92.76,95.20 3 8
github.com/pauluswi/alpine/pkg/pagination/pages.go:99.2,99.20 1 8
github.com/pauluswi/alpine/pkg/pagination/pages.go:108.2,108.15 1 8
github.com/pauluswi/alpine/pkg/pagination/pages.go:95.20,98.3 2 4
github.com/pauluswi/alpine/pkg/pagination/pages.go:99.20,100.19 1 5
github.com/pauluswi/alpine/pkg/pagination/pages.go:103.3,104.21 2 5
github.com/pauluswi/alpine/pkg/pagination/pages.go:100.19,102.4 1 2
github.com/pauluswi/alpine/pkg/pagination/pages.go:104.21,106.4 1 4
github.com/pauluswi/alpine/pkg/pagination/pages.go:115.74,119.40 4 8
github.com/pauluswi/alpine/pkg/pagination/pages.go:122.2,122.36 1 8
github.com/pauluswi/alpine/pkg/pagination/pages.go:127.2,127.14 1 8
github.com/pauluswi/alpine/pkg/pagination/pages.go:131.2,131.40 1 8
github.com/pauluswi/alpine/pkg/pagination/pages.go:137.2,137.53 1 8
github.com/pauluswi/alpine/pkg/pagination/pages.go:145.2,145.14 1 8
github.com/pauluswi/alpine/pkg/pagination/pages.go:119.40,121.3 1 1
github.com/pauluswi/alpine/pkg/pagination/pages.go:122.36,124.3 1 1
github.com/pauluswi/alpine/pkg/pagination/pages.go:124.8,126.3 1 7
github.com/pauluswi/alpine/pkg/pagination/pages.go:127.14,130.3 2 4
github.com/pauluswi/alpine/pkg/pagination/pages.go:131.40,134.3 2 4
github.com/pauluswi/alpine/pkg/pagination/pages.go:134.8,134.26 1 4
github.com/pauluswi/alpine/pkg/pagination/pages.go:134.26,136.3 1 1
github.com/pauluswi/alpine/pkg/pagination/pages.go:137.53,138.26 1 8
github.com/pauluswi/alpine/pkg/pagination/pages.go:138.26,139.22 1 32
github.com/pauluswi/alpine/pkg/pagination/pages.go:139.22,141.5 1 17
github.com/pauluswi/alpine/pkg/validator/validator.go:21.38,22.25 1 4
github.com/pauluswi/alpine/pkg/validator/validator.go:26.2,26.21 1 4
github.com/pauluswi/alpine/pkg/validator/validator.go:22.25,24.3 1 1
github.com/pauluswi/alpine/pkg/validator/validator.go:29.39,31.2 1 1
github.com/pauluswi/alpine/pkg/validator/validator.go:41.37,44.9 2 3
github.com/pauluswi/alpine/pkg/validator/validator.go:49.2,49.16 1 3
github.com/pauluswi/alpine/pkg/validator/validator.go:84.2,84.8 1 3
github.com/pauluswi/alpine/pkg/validator/validator.go:44.9,46.3 1 0
github.com/pauluswi/alpine/pkg/validator/validator.go:50.19,52.26 2 1
github.com/pauluswi/alpine/pkg/validator/validator.go:55.3,55.71 1 1
github.com/pauluswi/alpine/pkg/validator/validator.go:57.19,59.14 2 0
github.com/pauluswi/alpine/pkg/validator/validator.go:61.10,63.26 2 2
github.com/pauluswi/alpine/pkg/validator/validator.go:81.3,81.34 1 2
github.com/pauluswi/alpine/pkg/validator/validator.go:52.26,54.4 1 6
github.com/pauluswi/alpine/pkg/validator/validator.go:63.26,70.23 4 12
github.com/pauluswi/alpine/pkg/validator/validator.go:74.4,74.43 1 12
github.com/pauluswi/alpine/pkg/validator/validator.go:78.4,78.28 1 12
github.com/pauluswi/alpine/pkg/validator/validator.go:70.23,72.5 1 2
github.com/pauluswi/alpine/pkg/validator/validator.go:74.43,76.5 1 6
github.com/pauluswi/alpine/pkg/validator/validator.go:87.31,89.2 1 1
github.com/pauluswi/alpine/pkg/validator/validator.go:97.42,99.17 2 2
github.com/pauluswi/alpine/pkg/validator/validator.go:102.2,102.73 1 2
github.com/pauluswi/alpine/pkg/validator/validator.go:99.17,101.3 1 0
github.com/pauluswi/alpine/pkg/validator/validator.go:105.60,107.17 2 2
github.com/pauluswi/alpine/pkg/validator/validator.go:110.2,110.70 1 2
github.com/pauluswi/alpine/pkg/validator/validator.go:107.17,109.3 1 0
github.com/pauluswi/alpine/pkg/validator/validator.go:115.41,118.26 3 4
github.com/pauluswi/alpine/pkg/validator/validator.go:122.2,122.8 1 4
github.com/pauluswi/alpine/pkg/validator/validator.go:118.26,121.3 2 4
